<!DOCTYPE html PUBLIC "-//W3C//DTD XHTML 1.1//EN" "http://www.w3.org/TR/xhtml11/DTD/xhtml11.dtd">
<html xmlns="http://www.w3.org/1999/xhtml"><head><title>TestNG Report</title><style type="text/css">table {margin-bottom:10px;border-collapse:collapse;empty-cells:show}th,td {border:1px solid #009;padding:.25em .5em}th {vertical-align:bottom}td {vertical-align:top}table a {font-weight:bold}.stripe td {background-color: #E6EBF9}.num {text-align:right}.passedodd td {background-color: #3F3}.passedeven td {background-color: #0A0}.skippedodd td {background-color: #DDD}.skippedeven td {background-color: #CCC}.failedodd td,.attn {background-color: #F33}.failedeven td,.stripe .attn {background-color: #D00}.stacktrace {white-space:pre;font-family:monospace}.totop {font-size:85%;text-align:center;border-bottom:2px solid #000}</style></head><body><table><tr><th>Test</th><th># Passed</th><th># Skipped</th><th># Failed</th><th>Time (ms)</th><th>Included Groups</th><th>Excluded Groups</th></tr><tr><th colspan="7">Aidash_fe Execution Suite</th></tr><tr><td><a href="#t0">Aidash_fe Execution Suite Test</a></td><td class="num">0</td><td class="num">0</td><td class="num">0</td><td class="num">2</td><td></td><td></td></tr><tr class="stripe"><td><a href="#t1">Create tree </a></td><td class="num">3</td><td class="num">0</td><td class="num attn">3</td><td class="num">500,424</td><td></td><td></td></tr><tr><td><a href="#t2">Update Tree</a></td><td class="num">6</td><td class="num">0</td><td class="num attn">2</td><td class="num">504,175</td><td></td><td></td></tr><tr><th>Total</th><th class="num">9</th><th class="num">0</th><th class="num attn">5</th><th class="num">1,004,601</th><th colspan="2"></th></tr></table><table><thead><tr><th>Class</th><th>Method</th><th>Start</th><th>Time (ms)</th></tr></thead><tbody><tr><th colspan="4">Aidash_fe Execution Suite</th></tr></tbody><tbody id="t0"></tbody><tbody id="t1"><tr><th colspan="4">Create tree  &#8212; failed</th></tr><tr class="failedeven"><td rowspan="3">TestExecutionSuite.BasicFunctionalExecutionSuite</td><td><a href="#m0">CreateTree</a></td><td rowspan="1">1630043274896</td><td rowspan="1">240111</td></tr><tr class="failedeven"><td><a href="#m1">CreateTreeNavigation</a></td><td rowspan="1">1630043270026</td><td rowspan="1">4205</td></tr><tr class="failedeven"><td><a href="#m2">CreateTreeScreen2</a></td><td rowspan="1">1630043515497</td><td rowspan="1">240076</td></tr><tr><th colspan="4">Create tree  &#8212; passed</th></tr><tr class="passedeven"><td rowspan="3">TestExecutionSuite.BasicFunctionalExecutionSuite</td><td><a href="#m3">LoginToAidash</a></td><td rowspan="1">1630043263041</td><td rowspan="1">6984</td></tr><tr class="passedeven"><td><a href="#m4">driverInitalization</a></td><td rowspan="1">1630043255643</td><td rowspan="1">5359</td></tr><tr class="passedeven"><td><a href="#m5">openUrlForAidashLoginPage</a></td><td rowspan="1">1630043261004</td><td rowspan="1">2037</td></tr></tbody><tbody id="t2"><tr><th colspan="4">Update Tree &#8212; failed</th></tr><tr class="failedeven"><td rowspan="2">TestExecutionSuite.UpdateTreeTestCases</td><td><a href="#m6">CreateTreeScreen3</a></td><td rowspan="1">1630044019801</td><td rowspan="1">240075</td></tr><tr class="failedeven"><td><a href="#m7">UpdateTreeCardsPage</a></td><td rowspan="1">1630043777110</td><td rowspan="1">242313</td></tr><tr><th colspan="4">Update Tree &#8212; passed</th></tr><tr class="passedeven"><td rowspan="6">TestExecutionSuite.UpdateTreeTestCases</td><td><a href="#m8">EditTreeCardsPage</a></td><td rowspan="1">1630043774946</td><td rowspan="1">2163</td></tr><tr class="passedeven"><td><a href="#m9">ListTreeCardsPage</a></td><td rowspan="1">1630043772909</td><td rowspan="1">2037</td></tr><tr class="passedeven"><td><a href="#m10">LoginToAidash</a></td><td rowspan="1">1630043761065</td><td rowspan="1">4391</td></tr><tr class="passedeven"><td><a href="#m11">Navigation</a></td><td rowspan="1">1630043765457</td><td rowspan="1">7452</td></tr><tr class="passedeven"><td><a href="#m12">driverInitalization</a></td><td rowspan="1">1630043756072</td><td rowspan="1">2640</td></tr><tr class="passedeven"><td><a href="#m13">openUrlForAidashLoginPage</a></td><td rowspan="1">1630043758712</td><td rowspan="1">2353</td></tr></tbody></table><h2>Aidash_fe Execution Suite Test</h2><h2>Create tree </h2><h3 id="m0">TestExecutionSuite.BasicFunctionalExecutionSuite#CreateTree</h3><table class="result"><tr><th>Exception</th></tr><tr><td><div class="stacktrace">org.openqa.selenium.TimeoutException: Expected condition failed: waiting for element to be clickable: Proxy element for: DefaultElementLocator &apos;By.xpath: //*[@class=&apos;MuiButton-label&apos;][contains(text(),&apos;Next&apos;)]&apos; (tried for 100 second(s) with 500 milliseconds interval)
	at org.openqa.selenium.support.ui.WebDriverWait.timeoutException(WebDriverWait.java:95)
	at org.openqa.selenium.support.ui.FluentWait.until(FluentWait.java:272)
	at commonMethods.CommMeths.elementExplicitWait(CommMeths.java:46)
	at POM.Ai_Dash_create_Tree_page.ClickOnNextButton(Ai_Dash_create_Tree_page.java:88)
	at TestCases.CommonTestCases.Ai_Dash_create_Tree_page(CommonTestCases.java:76)
	at TestExecutionSuite.BasicFunctionalExecutionSuite.CreateTree(BasicFunctionalExecutionSuite.java:68)
Caused by: org.openqa.selenium.NoSuchElementException: Unable to locate element: //*[@class=&apos;MuiButton-label&apos;][contains(text(),&apos;Next&apos;)]
For documentation on this error, please visit: https://www.seleniumhq.org/exceptions/no_such_element.html
Build info: version: &apos;3.141.59&apos;, revision: &apos;e82be7d358&apos;, time: &apos;2018-11-14T08:17:03&apos;
System info: host: &apos;192.168.1.7&apos;, ip: &apos;fe80:0:0:0:10e9:55b4:2433:9642%en0&apos;, os.name: &apos;Mac OS X&apos;, os.arch: &apos;x86_64&apos;, os.version: &apos;10.15.6&apos;, java.version: &apos;16.0.1&apos;
Driver info: org.openqa.selenium.firefox.FirefoxDriver
Capabilities {acceptInsecureCerts: true, browserName: firefox, browserVersion: 91.0, javascriptEnabled: true, moz:accessibilityChecks: false, moz:buildID: 20210804193234, moz:geckodriverVersion: 0.24.0, moz:headless: false, moz:processID: 98733, moz:profile: /var/folders/kq/d7mjnjx936z..., moz:shutdownTimeout: 60000, moz:useNonSpecCompliantPointerOrigin: false, moz:webdriverClick: true, pageLoadStrategy: normal, platform: MAC, platformName: MAC, platformVersion: 19.6.0, proxy: Proxy(), setWindowRect: true, strictFileInteractability: false, timeouts: {implicit: 0, pageLoad: 300000, script: 30000}, unhandledPromptBehavior: dismiss and notify}
Session ID: e1f77d27-4f33-b84e-9969-e01136c4dc0e
*** Element info: {Using=xpath, value=//*[@class=&apos;MuiButton-label&apos;][contains(text(),&apos;Next&apos;)]}
	at org.openqa.selenium.remote.http.W3CHttpResponseCodec.createException(W3CHttpResponseCodec.java:187)
	at org.openqa.selenium.remote.http.W3CHttpResponseCodec.decode(W3CHttpResponseCodec.java:122)
	at org.openqa.selenium.remote.http.W3CHttpResponseCodec.decode(W3CHttpResponseCodec.java:49)
	at org.openqa.selenium.remote.HttpCommandExecutor.execute(HttpCommandExecutor.java:158)
	at org.openqa.selenium.remote.service.DriverCommandExecutor.execute(DriverCommandExecutor.java:83)
	at org.openqa.selenium.remote.RemoteWebDriver.execute(RemoteWebDriver.java:552)
	at org.openqa.selenium.remote.RemoteWebDriver.findElement(RemoteWebDriver.java:323)
	at org.openqa.selenium.remote.RemoteWebDriver.findElementByXPath(RemoteWebDriver.java:428)
	at org.openqa.selenium.By$ByXPath.findElement(By.java:353)
	at org.openqa.selenium.remote.RemoteWebDriver.findElement(RemoteWebDriver.java:315)
	at org.openqa.selenium.support.pagefactory.DefaultElementLocator.findElement(DefaultElementLocator.java:69)
	at org.openqa.selenium.support.pagefactory.internal.LocatingElementHandler.invoke(LocatingElementHandler.java:38)
	at jdk.proxy2/jdk.proxy2.$Proxy13.isDisplayed(Unknown Source)
	at org.openqa.selenium.support.ui.ExpectedConditions.elementIfVisible(ExpectedConditions.java:314)
	at org.openqa.selenium.support.ui.ExpectedConditions.access$000(ExpectedConditions.java:43)
	at org.openqa.selenium.support.ui.ExpectedConditions$10.apply(ExpectedConditions.java:300)
	at org.openqa.selenium.support.ui.ExpectedConditions$10.apply(ExpectedConditions.java:297)
	at org.openqa.selenium.support.ui.ExpectedConditions$23.apply(ExpectedConditions.java:670)
	at org.openqa.selenium.support.ui.ExpectedConditions$23.apply(ExpectedConditions.java:666)
	at org.openqa.selenium.support.ui.FluentWait.until(FluentWait.java:249)
	... 32 more
... Removed 33 stack frames</div></td></tr></table><p class="totop"><a href="#summary">back to summary</a></p><h3 id="m1">TestExecutionSuite.BasicFunctionalExecutionSuite#CreateTreeNavigation</h3><table class="result"><tr><th>Exception</th></tr><tr><td><div class="stacktrace">org.openqa.selenium.ElementNotInteractableException: Element &lt;span&gt; could not be scrolled into view
Build info: version: &apos;3.141.59&apos;, revision: &apos;e82be7d358&apos;, time: &apos;2018-11-14T08:17:03&apos;
System info: host: &apos;192.168.1.7&apos;, ip: &apos;fe80:0:0:0:10e9:55b4:2433:9642%en0&apos;, os.name: &apos;Mac OS X&apos;, os.arch: &apos;x86_64&apos;, os.version: &apos;10.15.6&apos;, java.version: &apos;16.0.1&apos;
Driver info: org.openqa.selenium.firefox.FirefoxDriver
Capabilities {acceptInsecureCerts: true, browserName: firefox, browserVersion: 91.0, javascriptEnabled: true, moz:accessibilityChecks: false, moz:buildID: 20210804193234, moz:geckodriverVersion: 0.24.0, moz:headless: false, moz:processID: 98733, moz:profile: /var/folders/kq/d7mjnjx936z..., moz:shutdownTimeout: 60000, moz:useNonSpecCompliantPointerOrigin: false, moz:webdriverClick: true, pageLoadStrategy: normal, platform: MAC, platformName: MAC, platformVersion: 19.6.0, proxy: Proxy(), setWindowRect: true, strictFileInteractability: false, timeouts: {implicit: 0, pageLoad: 300000, script: 30000}, unhandledPromptBehavior: dismiss and notify}
Session ID: e1f77d27-4f33-b84e-9969-e01136c4dc0e
	at org.openqa.selenium.remote.http.W3CHttpResponseCodec.createException(W3CHttpResponseCodec.java:187)
	at org.openqa.selenium.remote.http.W3CHttpResponseCodec.decode(W3CHttpResponseCodec.java:122)
	at org.openqa.selenium.remote.http.W3CHttpResponseCodec.decode(W3CHttpResponseCodec.java:49)
	at org.openqa.selenium.remote.HttpCommandExecutor.execute(HttpCommandExecutor.java:158)
	at org.openqa.selenium.remote.service.DriverCommandExecutor.execute(DriverCommandExecutor.java:83)
	at org.openqa.selenium.remote.RemoteWebDriver.execute(RemoteWebDriver.java:552)
	at org.openqa.selenium.remote.RemoteWebElement.execute(RemoteWebElement.java:285)
	at org.openqa.selenium.remote.RemoteWebElement.click(RemoteWebElement.java:84)
	at org.openqa.selenium.support.pagefactory.internal.LocatingElementHandler.invoke(LocatingElementHandler.java:51)
	at jdk.proxy2/jdk.proxy2.$Proxy13.click(Unknown Source)
	at POM.Ai_Dash_Home_Page.HazardTreeMUIButton(Ai_Dash_Home_Page.java:84)
	at TestCases.CommonTestCases.Ai_Dash_Home_Page(CommonTestCases.java:67)
	at TestExecutionSuite.BasicFunctionalExecutionSuite.CreateTreeNavigation(BasicFunctionalExecutionSuite.java:60)
... Removed 37 stack frames</div></td></tr></table><p class="totop"><a href="#summary">back to summary</a></p><h3 id="m2">TestExecutionSuite.BasicFunctionalExecutionSuite#CreateTreeScreen2</h3><table class="result"><tr><th>Exception</th></tr><tr><td><div class="stacktrace">org.openqa.selenium.TimeoutException: Expected condition failed: waiting for element to be clickable: Proxy element for: DefaultElementLocator &apos;By.xpath: //*[@class=&apos;MuiGrid-root MuiGrid-container MuiGrid-item&apos;][1]/div/div[2]/div/div/div&apos; (tried for 100 second(s) with 500 milliseconds interval)
	at org.openqa.selenium.support.ui.WebDriverWait.timeoutException(WebDriverWait.java:95)
	at org.openqa.selenium.support.ui.FluentWait.until(FluentWait.java:272)
	at commonMethods.CommMeths.elementExplicitWait(CommMeths.java:46)
	at POM.Ai_dash_create_tree_screen2.NearestCircuit(Ai_dash_create_tree_screen2.java:46)
	at TestCases.CommonTestCases.Ai_dash_create_tree_screen2(CommonTestCases.java:92)
	at TestExecutionSuite.BasicFunctionalExecutionSuite.CreateTreeScreen2(BasicFunctionalExecutionSuite.java:76)
Caused by: org.openqa.selenium.NoSuchElementException: Unable to locate element: //*[@class=&apos;MuiGrid-root MuiGrid-container MuiGrid-item&apos;][1]/div/div[2]/div/div/div
For documentation on this error, please visit: https://www.seleniumhq.org/exceptions/no_such_element.html
Build info: version: &apos;3.141.59&apos;, revision: &apos;e82be7d358&apos;, time: &apos;2018-11-14T08:17:03&apos;
System info: host: &apos;192.168.1.7&apos;, ip: &apos;fe80:0:0:0:10e9:55b4:2433:9642%en0&apos;, os.name: &apos;Mac OS X&apos;, os.arch: &apos;x86_64&apos;, os.version: &apos;10.15.6&apos;, java.version: &apos;16.0.1&apos;
Driver info: org.openqa.selenium.firefox.FirefoxDriver
Capabilities {acceptInsecureCerts: true, browserName: firefox, browserVersion: 91.0, javascriptEnabled: true, moz:accessibilityChecks: false, moz:buildID: 20210804193234, moz:geckodriverVersion: 0.24.0, moz:headless: false, moz:processID: 98733, moz:profile: /var/folders/kq/d7mjnjx936z..., moz:shutdownTimeout: 60000, moz:useNonSpecCompliantPointerOrigin: false, moz:webdriverClick: true, pageLoadStrategy: normal, platform: MAC, platformName: MAC, platformVersion: 19.6.0, proxy: Proxy(), setWindowRect: true, strictFileInteractability: false, timeouts: {implicit: 0, pageLoad: 300000, script: 30000}, unhandledPromptBehavior: dismiss and notify}
Session ID: e1f77d27-4f33-b84e-9969-e01136c4dc0e
*** Element info: {Using=xpath, value=//*[@class=&apos;MuiGrid-root MuiGrid-container MuiGrid-item&apos;][1]/div/div[2]/div/div/div}
	at org.openqa.selenium.remote.http.W3CHttpResponseCodec.createException(W3CHttpResponseCodec.java:187)
	at org.openqa.selenium.remote.http.W3CHttpResponseCodec.decode(W3CHttpResponseCodec.java:122)
	at org.openqa.selenium.remote.http.W3CHttpResponseCodec.decode(W3CHttpResponseCodec.java:49)
	at org.openqa.selenium.remote.HttpCommandExecutor.execute(HttpCommandExecutor.java:158)
	at org.openqa.selenium.remote.service.DriverCommandExecutor.execute(DriverCommandExecutor.java:83)
	at org.openqa.selenium.remote.RemoteWebDriver.execute(RemoteWebDriver.java:552)
	at org.openqa.selenium.remote.RemoteWebDriver.findElement(RemoteWebDriver.java:323)
	at org.openqa.selenium.remote.RemoteWebDriver.findElementByXPath(RemoteWebDriver.java:428)
	at org.openqa.selenium.By$ByXPath.findElement(By.java:353)
	at org.openqa.selenium.remote.RemoteWebDriver.findElement(RemoteWebDriver.java:315)
	at org.openqa.selenium.support.pagefactory.DefaultElementLocator.findElement(DefaultElementLocator.java:69)
	at org.openqa.selenium.support.pagefactory.internal.LocatingElementHandler.invoke(LocatingElementHandler.java:38)
	at jdk.proxy2/jdk.proxy2.$Proxy13.isDisplayed(Unknown Source)
	at org.openqa.selenium.support.ui.ExpectedConditions.elementIfVisible(ExpectedConditions.java:314)
	at org.openqa.selenium.support.ui.ExpectedConditions.access$000(ExpectedConditions.java:43)
	at org.openqa.selenium.support.ui.ExpectedConditions$10.apply(ExpectedConditions.java:300)
	at org.openqa.selenium.support.ui.ExpectedConditions$10.apply(ExpectedConditions.java:297)
	at org.openqa.selenium.support.ui.ExpectedConditions$23.apply(ExpectedConditions.java:670)
	at org.openqa.selenium.support.ui.ExpectedConditions$23.apply(ExpectedConditions.java:666)
	at org.openqa.selenium.support.ui.FluentWait.until(FluentWait.java:249)
	... 32 more
... Removed 33 stack frames</div></td></tr></table><p class="totop"><a href="#summary">back to summary</a></p><h3 id="m3">TestExecutionSuite.BasicFunctionalExecutionSuite#LoginToAidash</h3><table class="result"></table><p class="totop"><a href="#summary">back to summary</a></p><h3 id="m4">TestExecutionSuite.BasicFunctionalExecutionSuite#driverInitalization</h3><table class="result"><tr class="param"><th>Parameter #1</th></tr><tr class="param stripe"><td>firefox</td></tr></table><p class="totop"><a href="#summary">back to summary</a></p><h3 id="m5">TestExecutionSuite.BasicFunctionalExecutionSuite#openUrlForAidashLoginPage</h3><table class="result"></table><p class="totop"><a href="#summary">back to summary</a></p><h2>Update Tree</h2><h3 id="m6">TestExecutionSuite.UpdateTreeTestCases#CreateTreeScreen3</h3><table class="result"><tr><th>Exception</th></tr><tr><td><div class="stacktrace">org.openqa.selenium.TimeoutException: Expected condition failed: waiting for element to be clickable: Proxy element for: DefaultElementLocator &apos;By.xpath: //*[@class=&apos;MuiGrid-root MuiGrid-container MuiGrid-item&apos;][1]/div/div[2]/div/div/div&apos; (tried for 100 second(s) with 500 milliseconds interval)
	at org.openqa.selenium.support.ui.WebDriverWait.timeoutException(WebDriverWait.java:95)
	at org.openqa.selenium.support.ui.FluentWait.until(FluentWait.java:272)
	at commonMethods.CommMeths.elementExplicitWait(CommMeths.java:46)
	at POM.Ai_dash_create_tree_screen2.NearestCircuit(Ai_dash_create_tree_screen2.java:46)
	at TestCases.EditTreeTestCases.Ai_dash_create_tree_screen2(EditTreeTestCases.java:111)
	at TestExecutionSuite.UpdateTreeTestCases.CreateTreeScreen3(UpdateTreeTestCases.java:86)
Caused by: org.openqa.selenium.NoSuchElementException: Unable to locate element: //*[@class=&apos;MuiGrid-root MuiGrid-container MuiGrid-item&apos;][1]/div/div[2]/div/div/div
For documentation on this error, please visit: https://www.seleniumhq.org/exceptions/no_such_element.html
Build info: version: &apos;3.141.59&apos;, revision: &apos;e82be7d358&apos;, time: &apos;2018-11-14T08:17:03&apos;
System info: host: &apos;192.168.1.7&apos;, ip: &apos;fe80:0:0:0:10e9:55b4:2433:9642%en0&apos;, os.name: &apos;Mac OS X&apos;, os.arch: &apos;x86_64&apos;, os.version: &apos;10.15.6&apos;, java.version: &apos;16.0.1&apos;
Driver info: org.openqa.selenium.firefox.FirefoxDriver
Capabilities {acceptInsecureCerts: true, browserName: firefox, browserVersion: 91.0, javascriptEnabled: true, moz:accessibilityChecks: false, moz:buildID: 20210804193234, moz:geckodriverVersion: 0.24.0, moz:headless: false, moz:processID: 99004, moz:profile: /var/folders/kq/d7mjnjx936z..., moz:shutdownTimeout: 60000, moz:useNonSpecCompliantPointerOrigin: false, moz:webdriverClick: true, pageLoadStrategy: normal, platform: MAC, platformName: MAC, platformVersion: 19.6.0, proxy: Proxy(), setWindowRect: true, strictFileInteractability: false, timeouts: {implicit: 0, pageLoad: 300000, script: 30000}, unhandledPromptBehavior: dismiss and notify}
Session ID: 618655ec-16cd-9c4b-8f42-8b2d23159790
*** Element info: {Using=xpath, value=//*[@class=&apos;MuiGrid-root MuiGrid-container MuiGrid-item&apos;][1]/div/div[2]/div/div/div}
	at org.openqa.selenium.remote.http.W3CHttpResponseCodec.createException(W3CHttpResponseCodec.java:187)
	at org.openqa.selenium.remote.http.W3CHttpResponseCodec.decode(W3CHttpResponseCodec.java:122)
	at org.openqa.selenium.remote.http.W3CHttpResponseCodec.decode(W3CHttpResponseCodec.java:49)
	at org.openqa.selenium.remote.HttpCommandExecutor.execute(HttpCommandExecutor.java:158)
	at org.openqa.selenium.remote.service.DriverCommandExecutor.execute(DriverCommandExecutor.java:83)
	at org.openqa.selenium.remote.RemoteWebDriver.execute(RemoteWebDriver.java:552)
	at org.openqa.selenium.remote.RemoteWebDriver.findElement(RemoteWebDriver.java:323)
	at org.openqa.selenium.remote.RemoteWebDriver.findElementByXPath(RemoteWebDriver.java:428)
	at org.openqa.selenium.By$ByXPath.findElement(By.java:353)
	at org.openqa.selenium.remote.RemoteWebDriver.findElement(RemoteWebDriver.java:315)
	at org.openqa.selenium.support.pagefactory.DefaultElementLocator.findElement(DefaultElementLocator.java:69)
	at org.openqa.selenium.support.pagefactory.internal.LocatingElementHandler.invoke(LocatingElementHandler.java:38)
	at jdk.proxy2/jdk.proxy2.$Proxy13.isDisplayed(Unknown Source)
	at org.openqa.selenium.support.ui.ExpectedConditions.elementIfVisible(ExpectedConditions.java:314)
	at org.openqa.selenium.support.ui.ExpectedConditions.access$000(ExpectedConditions.java:43)
	at org.openqa.selenium.support.ui.ExpectedConditions$10.apply(ExpectedConditions.java:300)
	at org.openqa.selenium.support.ui.ExpectedConditions$10.apply(ExpectedConditions.java:297)
	at org.openqa.selenium.support.ui.ExpectedConditions$23.apply(ExpectedConditions.java:670)
	at org.openqa.selenium.support.ui.ExpectedConditions$23.apply(ExpectedConditions.java:666)
	at org.openqa.selenium.support.ui.FluentWait.until(FluentWait.java:249)
	... 32 more
... Removed 33 stack frames</div></td></tr></table><p class="totop"><a href="#summary">back to summary</a></p><h3 id="m7">TestExecutionSuite.UpdateTreeTestCases#UpdateTreeCardsPage</h3><table class="result"><tr><th>Exception</th></tr><tr><td><div class="stacktrace">org.openqa.selenium.TimeoutException: Expected condition failed: waiting for element to be clickable: Proxy element for: DefaultElementLocator &apos;By.xpath: //*[@class=&apos;MuiTypography-root MuiTypography-body1&apos;][1][contains(text(),&apos;1ft or less&apos;)]&apos; (tried for 100 second(s) with 500 milliseconds interval)
	at org.openqa.selenium.support.ui.WebDriverWait.timeoutException(WebDriverWait.java:95)
	at org.openqa.selenium.support.ui.FluentWait.until(FluentWait.java:272)
	at commonMethods.CommMeths.elementExplicitWait(CommMeths.java:46)
	at POM.Ai_Dash_create_Tree_page.DistanceToLineButton(Ai_Dash_create_Tree_page.java:151)
	at TestCases.EditTreeTestCases.Ai_Dash_create_Tree_page(EditTreeTestCases.java:99)
	at TestExecutionSuite.UpdateTreeTestCases.UpdateTreeCardsPage(UpdateTreeTestCases.java:77)
Caused by: org.openqa.selenium.NoSuchElementException: Unable to locate element: //*[@class=&apos;MuiTypography-root MuiTypography-body1&apos;][1][contains(text(),&apos;1ft or less&apos;)]
For documentation on this error, please visit: https://www.seleniumhq.org/exceptions/no_such_element.html
Build info: version: &apos;3.141.59&apos;, revision: &apos;e82be7d358&apos;, time: &apos;2018-11-14T08:17:03&apos;
System info: host: &apos;192.168.1.7&apos;, ip: &apos;fe80:0:0:0:10e9:55b4:2433:9642%en0&apos;, os.name: &apos;Mac OS X&apos;, os.arch: &apos;x86_64&apos;, os.version: &apos;10.15.6&apos;, java.version: &apos;16.0.1&apos;
Driver info: org.openqa.selenium.firefox.FirefoxDriver
Capabilities {acceptInsecureCerts: true, browserName: firefox, browserVersion: 91.0, javascriptEnabled: true, moz:accessibilityChecks: false, moz:buildID: 20210804193234, moz:geckodriverVersion: 0.24.0, moz:headless: false, moz:processID: 99004, moz:profile: /var/folders/kq/d7mjnjx936z..., moz:shutdownTimeout: 60000, moz:useNonSpecCompliantPointerOrigin: false, moz:webdriverClick: true, pageLoadStrategy: normal, platform: MAC, platformName: MAC, platformVersion: 19.6.0, proxy: Proxy(), setWindowRect: true, strictFileInteractability: false, timeouts: {implicit: 0, pageLoad: 300000, script: 30000}, unhandledPromptBehavior: dismiss and notify}
Session ID: 618655ec-16cd-9c4b-8f42-8b2d23159790
*** Element info: {Using=xpath, value=//*[@class=&apos;MuiTypography-root MuiTypography-body1&apos;][1][contains(text(),&apos;1ft or less&apos;)]}
	at org.openqa.selenium.remote.http.W3CHttpResponseCodec.createException(W3CHttpResponseCodec.java:187)
	at org.openqa.selenium.remote.http.W3CHttpResponseCodec.decode(W3CHttpResponseCodec.java:122)
	at org.openqa.selenium.remote.http.W3CHttpResponseCodec.decode(W3CHttpResponseCodec.java:49)
	at org.openqa.selenium.remote.HttpCommandExecutor.execute(HttpCommandExecutor.java:158)
	at org.openqa.selenium.remote.service.DriverCommandExecutor.execute(DriverCommandExecutor.java:83)
	at org.openqa.selenium.remote.RemoteWebDriver.execute(RemoteWebDriver.java:552)
	at org.openqa.selenium.remote.RemoteWebDriver.findElement(RemoteWebDriver.java:323)
	at org.openqa.selenium.remote.RemoteWebDriver.findElementByXPath(RemoteWebDriver.java:428)
	at org.openqa.selenium.By$ByXPath.findElement(By.java:353)
	at org.openqa.selenium.remote.RemoteWebDriver.findElement(RemoteWebDriver.java:315)
	at org.openqa.selenium.support.pagefactory.DefaultElementLocator.findElement(DefaultElementLocator.java:69)
	at org.openqa.selenium.support.pagefactory.internal.LocatingElementHandler.invoke(LocatingElementHandler.java:38)
	at jdk.proxy2/jdk.proxy2.$Proxy13.isDisplayed(Unknown Source)
	at org.openqa.selenium.support.ui.ExpectedConditions.elementIfVisible(ExpectedConditions.java:314)
	at org.openqa.selenium.support.ui.ExpectedConditions.access$000(ExpectedConditions.java:43)
	at org.openqa.selenium.support.ui.ExpectedConditions$10.apply(ExpectedConditions.java:300)
	at org.openqa.selenium.support.ui.ExpectedConditions$10.apply(ExpectedConditions.java:297)
	at org.openqa.selenium.support.ui.ExpectedConditions$23.apply(ExpectedConditions.java:670)
	at org.openqa.selenium.support.ui.ExpectedConditions$23.apply(ExpectedConditions.java:666)
	at org.openqa.selenium.support.ui.FluentWait.until(FluentWait.java:249)
	... 32 more
... Removed 33 stack frames</div></td></tr></table><p class="totop"><a href="#summary">back to summary</a></p><h3 id="m8">TestExecutionSuite.UpdateTreeTestCases#EditTreeCardsPage</h3><table class="result"></table><p class="totop"><a href="#summary">back to summary</a></p><h3 id="m9">TestExecutionSuite.UpdateTreeTestCases#ListTreeCardsPage</h3><table class="result"></table><p class="totop"><a href="#summary">back to summary</a></p><h3 id="m10">TestExecutionSuite.UpdateTreeTestCases#LoginToAidash</h3><table class="result"></table><p class="totop"><a href="#summary">back to summary</a></p><h3 id="m11">TestExecutionSuite.UpdateTreeTestCases#Navigation</h3><table class="result"></table><p class="totop"><a href="#summary">back to summary</a></p><h3 id="m12">TestExecutionSuite.UpdateTreeTestCases#driverInitalization</h3><table class="result"><tr class="param"><th>Parameter #1</th></tr><tr class="param stripe"><td>firefox</td></tr></table><p class="totop"><a href="#summary">back to summary</a></p><h3 id="m13">TestExecutionSuite.UpdateTreeTestCases#openUrlForAidashLoginPage</h3><table class="result"></table><p class="totop"><a href="#summary">back to summary</a></p></body></html>