<?xml version="1.0" encoding="UTF-8"?>
<testsuite xmlns:xsi="http://www.w3.org/2001/XMLSchema-instance" xsi:schemaLocation="https://maven.apache.org/surefire/maven-surefire-plugin/xsd/surefire-test-report.xsd" name="TestSuite" time="1.201" tests="30" errors="0" skipped="26" failures="4">
  <properties>
    <property name="java.runtime.name" value="OpenJDK Runtime Environment"/>
    <property name="java.vm.version" value="16.0.1+0"/>
    <property name="sun.boot.library.path" value="/usr/local/Cellar/openjdk/16.0.1/libexec/openjdk.jdk/Contents/Home/lib"/>
    <property name="maven.multiModuleProjectDirectory" value="/Users/yogeshbhatt/Documents/AiDash_FE_Test"/>
    <property name="java.vm.vendor" value="Homebrew"/>
    <property name="java.vendor.url" value="https://github.com/Homebrew/homebrew-core/issues"/>
    <property name="guice.disable.misplaced.annotation.check" value="true"/>
    <property name="path.separator" value=":"/>
    <property name="java.vm.name" value="OpenJDK 64-Bit Server VM"/>
    <property name="user.country" value="IN"/>
    <property name="sun.java.launcher" value="SUN_STANDARD"/>
    <property name="java.vm.specification.name" value="Java Virtual Machine Specification"/>
    <property name="user.dir" value="/Users/yogeshbhatt/Documents/AiDash_FE_Test"/>
    <property name="java.vm.compressedOopsMode" value="Zero based"/>
    <property name="java.runtime.version" value="16.0.1+0"/>
    <property name="os.arch" value="x86_64"/>
    <property name="java.io.tmpdir" value="/var/folders/kq/d7mjnjx936z820gzm733kjdr0000gn/T/"/>
    <property name="line.separator" value="&#10;"/>
    <property name="java.vm.specification.vendor" value="Oracle Corporation"/>
    <property name="os.name" value="Mac OS X"/>
    <property name="classworlds.conf" value="/usr/local/Cellar/maven/3.8.1/libexec/bin/m2.conf"/>
    <property name="sun.jnu.encoding" value="UTF-8"/>
    <property name="java.library.path" value="/Users/yogeshbhatt/Library/Java/Extensions:/Library/Java/Extensions:/Network/Library/Java/Extensions:/System/Library/Java/Extensions:/usr/lib/java:."/>
    <property name="maven.conf" value="/usr/local/Cellar/maven/3.8.1/libexec/conf"/>
    <property name="jdk.debug" value="release"/>
    <property name="java.class.version" value="60.0"/>
    <property name="java.specification.name" value="Java Platform API Specification"/>
    <property name="sun.management.compiler" value="HotSpot 64-Bit Tiered Compilers"/>
    <property name="os.version" value="10.15.6"/>
    <property name="library.jansi.path" value="/usr/local/Cellar/maven/3.8.1/libexec/lib/jansi-native"/>
    <property name="http.nonProxyHosts" value="local|*.local|169.254/16|*.169.254/16"/>
    <property name="user.home" value="/Users/yogeshbhatt"/>
    <property name="user.timezone" value="Asia/Kolkata"/>
    <property name="file.encoding" value="US-ASCII"/>
    <property name="java.specification.version" value="16"/>
    <property name="user.name" value="yogeshbhatt"/>
    <property name="java.class.path" value="/usr/local/Cellar/maven/3.8.1/libexec/boot/plexus-classworlds-2.6.0.jar"/>
    <property name="java.vm.specification.version" value="16"/>
    <property name="sun.arch.data.model" value="64"/>
    <property name="sun.java.command" value="org.codehaus.plexus.classworlds.launcher.Launcher clean test"/>
    <property name="java.home" value="/usr/local/Cellar/openjdk/16.0.1/libexec/openjdk.jdk/Contents/Home"/>
    <property name="user.language" value="en"/>
    <property name="java.specification.vendor" value="Oracle Corporation"/>
    <property name="java.vm.info" value="mixed mode, sharing"/>
    <property name="java.version" value="16.0.1"/>
    <property name="java.vendor" value="Homebrew"/>
    <property name="maven.home" value="/usr/local/Cellar/maven/3.8.1/libexec"/>
    <property name="file.separator" value="/"/>
    <property name="java.version.date" value="2021-04-20"/>
    <property name="java.vendor.url.bug" value="https://github.com/Homebrew/homebrew-core/issues"/>
    <property name="sun.io.unicode.encoding" value="UnicodeBig"/>
    <property name="sun.cpu.endian" value="little"/>
    <property name="java.vendor.version" value="Homebrew"/>
    <property name="socksNonProxyHosts" value="local|*.local|169.254/16|*.169.254/16"/>
    <property name="ftp.nonProxyHosts" value="local|*.local|169.254/16|*.169.254/16"/>
  </properties>
  <testcase name="driverInitalization" classname="TestExecutionSuite.BasicFunctionalExecutionSuite" time="0.659">
    <failure message="The path to the driver executable must be set by the webdriver.gecko.driver system property; for more information, see https://github.com/mozilla/geckodriver. The latest version can be downloaded from https://github.com/mozilla/geckodriver/releases" type="java.lang.IllegalStateException">java.lang.IllegalStateException: The path to the driver executable must be set by the webdriver.gecko.driver system property; for more information, see https://github.com/mozilla/geckodriver. The latest version can be downloaded from https://github.com/mozilla/geckodriver/releases
	at TestExecutionSuite.BasicFunctionalExecutionSuite.driverInitalization(BasicFunctionalExecutionSuite.java:38)
</failure>
    <system-out><![CDATA[Execution Suite starts
Execution Suite starts
 Execution Suite Test starts
Execution starts now. Driver Initialization for 
]]></system-out>
  </testcase>
  <testcase name="afterEveryMethod" classname="TestExecutionSuite.BasicFunctionalExecutionSuite" time="0.66">
    <failure message="Cannot invoke &quot;org.openqa.selenium.TakesScreenshot.getScreenshotAs(org.openqa.selenium.OutputType)&quot; because &quot;this.driver&quot; is null" type="java.lang.NullPointerException">java.lang.NullPointerException: Cannot invoke "org.openqa.selenium.TakesScreenshot.getScreenshotAs(org.openqa.selenium.OutputType)" because "this.driver" is null
	at TestExecutionSuite.BasicFunctionalExecutionSuite.afterEveryMethod(BasicFunctionalExecutionSuite.java:87)
</failure>
  </testcase>
  <testcase name="afterEveryMethod" classname="TestExecutionSuite.BasicFunctionalExecutionSuite" time="0">
    <skipped/>
  </testcase>
  <testcase name="afterEveryMethod" classname="TestExecutionSuite.BasicFunctionalExecutionSuite" time="0">
    <skipped/>
  </testcase>
  <testcase name="afterEveryMethod" classname="TestExecutionSuite.BasicFunctionalExecutionSuite" time="0">
    <skipped/>
  </testcase>
  <testcase name="afterEveryMethod" classname="TestExecutionSuite.BasicFunctionalExecutionSuite" time="0">
    <skipped/>
  </testcase>
  <testcase name="afterEveryMethod" classname="TestExecutionSuite.BasicFunctionalExecutionSuite" time="0">
    <skipped/>
  </testcase>
  <testcase name="openUrlForAidashLoginPage" classname="TestExecutionSuite.BasicFunctionalExecutionSuite" time="0">
    <skipped message="Cannot invoke &quot;org.openqa.selenium.TakesScreenshot.getScreenshotAs(org.openqa.selenium.OutputType)&quot; because &quot;this.driver&quot; is null"/>
  </testcase>
  <testcase name="LoginToAidash" classname="TestExecutionSuite.BasicFunctionalExecutionSuite" time="0">
    <skipped message="Cannot invoke &quot;org.openqa.selenium.TakesScreenshot.getScreenshotAs(org.openqa.selenium.OutputType)&quot; because &quot;this.driver&quot; is null"/>
  </testcase>
  <testcase name="CreateTreeNavigation" classname="TestExecutionSuite.BasicFunctionalExecutionSuite" time="0">
    <skipped message="Cannot invoke &quot;org.openqa.selenium.TakesScreenshot.getScreenshotAs(org.openqa.selenium.OutputType)&quot; because &quot;this.driver&quot; is null"/>
  </testcase>
  <testcase name="CreateTree" classname="TestExecutionSuite.BasicFunctionalExecutionSuite" time="0">
    <skipped message="Cannot invoke &quot;org.openqa.selenium.TakesScreenshot.getScreenshotAs(org.openqa.selenium.OutputType)&quot; because &quot;this.driver&quot; is null"/>
  </testcase>
  <testcase name="CreateTreeScreen2" classname="TestExecutionSuite.BasicFunctionalExecutionSuite" time="0">
    <skipped message="Cannot invoke &quot;org.openqa.selenium.TakesScreenshot.getScreenshotAs(org.openqa.selenium.OutputType)&quot; because &quot;this.driver&quot; is null"/>
  </testcase>
  <testcase name="teardown" classname="TestExecutionSuite.BasicFunctionalExecutionSuite" time="0">
    <skipped/>
  </testcase>
  <testcase name="driverInitalization" classname="TestExecutionSuite.UpdateTreeTestCases" time="0.172">
    <failure message="The path to the driver executable must be set by the webdriver.gecko.driver system property; for more information, see https://github.com/mozilla/geckodriver. The latest version can be downloaded from https://github.com/mozilla/geckodriver/releases" type="java.lang.IllegalStateException">java.lang.IllegalStateException: The path to the driver executable must be set by the webdriver.gecko.driver system property; for more information, see https://github.com/mozilla/geckodriver. The latest version can be downloaded from https://github.com/mozilla/geckodriver/releases
	at TestExecutionSuite.UpdateTreeTestCases.driverInitalization(UpdateTreeTestCases.java:34)
</failure>
    <system-out><![CDATA[ Execution Suite Test starts
Execution starts now. Driver Initialization for 
]]></system-out>
  </testcase>
  <testcase name="afterEveryMethod" classname="TestExecutionSuite.UpdateTreeTestCases" time="0.172">
    <failure message="Cannot invoke &quot;org.openqa.selenium.TakesScreenshot.getScreenshotAs(org.openqa.selenium.OutputType)&quot; because &quot;this.driver&quot; is null" type="java.lang.NullPointerException">java.lang.NullPointerException: Cannot invoke "org.openqa.selenium.TakesScreenshot.getScreenshotAs(org.openqa.selenium.OutputType)" because "this.driver" is null
	at TestExecutionSuite.UpdateTreeTestCases.afterEveryMethod(UpdateTreeTestCases.java:96)
</failure>
  </testcase>
  <testcase name="afterEveryMethod" classname="TestExecutionSuite.UpdateTreeTestCases" time="0">
    <skipped/>
  </testcase>
  <testcase name="afterEveryMethod" classname="TestExecutionSuite.UpdateTreeTestCases" time="0">
    <skipped/>
  </testcase>
  <testcase name="afterEveryMethod" classname="TestExecutionSuite.UpdateTreeTestCases" time="0">
    <skipped/>
  </testcase>
  <testcase name="afterEveryMethod" classname="TestExecutionSuite.UpdateTreeTestCases" time="0">
    <skipped/>
  </testcase>
  <testcase name="afterEveryMethod" classname="TestExecutionSuite.UpdateTreeTestCases" time="0">
    <skipped/>
  </testcase>
  <testcase name="afterEveryMethod" classname="TestExecutionSuite.UpdateTreeTestCases" time="0">
    <skipped/>
  </testcase>
  <testcase name="afterEveryMethod" classname="TestExecutionSuite.UpdateTreeTestCases" time="0">
    <skipped/>
  </testcase>
  <testcase name="openUrlForAidashLoginPage" classname="TestExecutionSuite.UpdateTreeTestCases" time="0">
    <skipped message="Cannot invoke &quot;org.openqa.selenium.TakesScreenshot.getScreenshotAs(org.openqa.selenium.OutputType)&quot; because &quot;this.driver&quot; is null"/>
  </testcase>
  <testcase name="LoginToAidash" classname="TestExecutionSuite.UpdateTreeTestCases" time="0">
    <skipped message="Cannot invoke &quot;org.openqa.selenium.TakesScreenshot.getScreenshotAs(org.openqa.selenium.OutputType)&quot; because &quot;this.driver&quot; is null"/>
  </testcase>
  <testcase name="Navigation" classname="TestExecutionSuite.UpdateTreeTestCases" time="0">
    <skipped message="Cannot invoke &quot;org.openqa.selenium.TakesScreenshot.getScreenshotAs(org.openqa.selenium.OutputType)&quot; because &quot;this.driver&quot; is null"/>
  </testcase>
  <testcase name="ListTreeCardsPage" classname="TestExecutionSuite.UpdateTreeTestCases" time="0">
    <skipped message="Cannot invoke &quot;org.openqa.selenium.TakesScreenshot.getScreenshotAs(org.openqa.selenium.OutputType)&quot; because &quot;this.driver&quot; is null"/>
  </testcase>
  <testcase name="EditTreeCardsPage" classname="TestExecutionSuite.UpdateTreeTestCases" time="0">
    <skipped message="Cannot invoke &quot;org.openqa.selenium.TakesScreenshot.getScreenshotAs(org.openqa.selenium.OutputType)&quot; because &quot;this.driver&quot; is null"/>
  </testcase>
  <testcase name="UpdateTreeCardsPage" classname="TestExecutionSuite.UpdateTreeTestCases" time="0">
    <skipped message="Cannot invoke &quot;org.openqa.selenium.TakesScreenshot.getScreenshotAs(org.openqa.selenium.OutputType)&quot; because &quot;this.driver&quot; is null"/>
  </testcase>
  <testcase name="CreateTreeScreen3" classname="TestExecutionSuite.UpdateTreeTestCases" time="0">
    <skipped message="Cannot invoke &quot;org.openqa.selenium.TakesScreenshot.getScreenshotAs(org.openqa.selenium.OutputType)&quot; because &quot;this.driver&quot; is null"/>
  </testcase>
  <testcase name="teardown" classname="TestExecutionSuite.UpdateTreeTestCases" time="0">
    <skipped/>
  </testcase>
</testsuite>