-------------------------------------------------------------------------------
Test set: TestSuite
-------------------------------------------------------------------------------
Tests run: 30, Failures: 4, Errors: 0, Skipped: 26, Time elapsed: 1.201 sec <<< FAILURE! - in TestSuite
driverInitalization(TestExecutionSuite.BasicFunctionalExecutionSuite)  Time elapsed: 0.659 sec  <<< FAILURE!
java.lang.IllegalStateException: The path to the driver executable must be set by the webdriver.gecko.driver system property; for more information, see https://github.com/mozilla/geckodriver. The latest version can be downloaded from https://github.com/mozilla/geckodriver/releases
	at TestExecutionSuite.BasicFunctionalExecutionSuite.driverInitalization(BasicFunctionalExecutionSuite.java:38)

afterEveryMethod(TestExecutionSuite.BasicFunctionalExecutionSuite)  Time elapsed: 0.66 sec  <<< FAILURE!
java.lang.NullPointerException: Cannot invoke "org.openqa.selenium.TakesScreenshot.getScreenshotAs(org.openqa.selenium.OutputType)" because "this.driver" is null
	at TestExecutionSuite.BasicFunctionalExecutionSuite.afterEveryMethod(BasicFunctionalExecutionSuite.java:87)

driverInitalization(TestExecutionSuite.UpdateTreeTestCases)  Time elapsed: 0.172 sec  <<< FAILURE!
java.lang.IllegalStateException: The path to the driver executable must be set by the webdriver.gecko.driver system property; for more information, see https://github.com/mozilla/geckodriver. The latest version can be downloaded from https://github.com/mozilla/geckodriver/releases
	at TestExecutionSuite.UpdateTreeTestCases.driverInitalization(UpdateTreeTestCases.java:34)

afterEveryMethod(TestExecutionSuite.UpdateTreeTestCases)  Time elapsed: 0.172 sec  <<< FAILURE!
java.lang.NullPointerException: Cannot invoke "org.openqa.selenium.TakesScreenshot.getScreenshotAs(org.openqa.selenium.OutputType)" because "this.driver" is null
	at TestExecutionSuite.UpdateTreeTestCases.afterEveryMethod(UpdateTreeTestCases.java:96)

