<?xml version="1.0" encoding="UTF-8"?>
<!-- Generated by org.testng.reporters.JUnitXMLReporter -->
<testsuite ignored="0" hostname="192.168.1.7" failures="1" tests="8" name="Update Tree" time="0.176" errors="0" timestamp="27 Aug 2021 10:36:44 GMT">
  <testcase classname="TestExecutionSuite.UpdateTreeTestCases" name="@AfterMethod afterEveryMethod" time="0.0">
    <failure type="java.lang.NullPointerException" message="Cannot invoke &amp;quot;org.openqa.selenium.TakesScreenshot.getScreenshotAs(org.openqa.selenium.OutputType)&amp;quot; because &amp;quot;this.driver&amp;quot; is null">
      <![CDATA[java.lang.NullPointerException: Cannot invoke "org.openqa.selenium.TakesScreenshot.getScreenshotAs(org.openqa.selenium.OutputType)" because "this.driver" is null
	at TestCases.EditTreeTestCases.takeScreenShotOnFailure(EditTreeTestCases.java:119)
	at TestExecutionSuite.UpdateTreeTestCases.afterEveryMethod(UpdateTreeTestCases.java:96)
... Removed 30 stack frames]]>
    </failure>
  </testcase> <!-- @AfterMethod afterEveryMethod -->
  <testcase classname="TestExecutionSuite.UpdateTreeTestCases" name="@AfterMethod afterEveryMethod" time="0.0">
    <skipped/>
  </testcase> <!-- @AfterMethod afterEveryMethod -->
  <testcase classname="TestExecutionSuite.UpdateTreeTestCases" name="@AfterMethod afterEveryMethod" time="0.0">
    <skipped/>
  </testcase> <!-- @AfterMethod afterEveryMethod -->
  <testcase classname="TestExecutionSuite.UpdateTreeTestCases" name="@AfterMethod afterEveryMethod" time="0.0">
    <skipped/>
  </testcase> <!-- @AfterMethod afterEveryMethod -->
  <testcase classname="TestExecutionSuite.UpdateTreeTestCases" name="@AfterMethod afterEveryMethod" time="0.0">
    <skipped/>
  </testcase> <!-- @AfterMethod afterEveryMethod -->
  <testcase classname="TestExecutionSuite.UpdateTreeTestCases" name="@AfterMethod afterEveryMethod" time="0.0">
    <skipped/>
  </testcase> <!-- @AfterMethod afterEveryMethod -->
  <testcase classname="TestExecutionSuite.UpdateTreeTestCases" name="@AfterMethod afterEveryMethod" time="0.0">
    <skipped/>
  </testcase> <!-- @AfterMethod afterEveryMethod -->
  <testcase classname="TestExecutionSuite.UpdateTreeTestCases" name="@AfterMethod afterEveryMethod" time="0.0">
    <skipped/>
  </testcase> <!-- @AfterMethod afterEveryMethod -->
  <testcase classname="TestExecutionSuite.UpdateTreeTestCases" name="@AfterTest teardown" time="0.0">
    <skipped/>
  </testcase> <!-- @AfterTest teardown -->
  <testcase classname="TestExecutionSuite.UpdateTreeTestCases" name="driverInitalization" time="0.171">
    <failure type="java.lang.IllegalStateException" message="The path to the driver executable must be set by the webdriver.gecko.driver system property; for more information, see https://github.com/mozilla/geckodriver. The latest version can be downloaded from https://github.com/mozilla/geckodriver/releases">
      <![CDATA[java.lang.IllegalStateException: The path to the driver executable must be set by the webdriver.gecko.driver system property; for more information, see https://github.com/mozilla/geckodriver. The latest version can be downloaded from https://github.com/mozilla/geckodriver/releases
	at com.google.common.base.Preconditions.checkState(Preconditions.java:847)
	at org.openqa.selenium.remote.service.DriverService.findExecutable(DriverService.java:134)
	at org.openqa.selenium.firefox.GeckoDriverService.access$100(GeckoDriverService.java:44)
	at org.openqa.selenium.firefox.GeckoDriverService$Builder.findDefaultExecutable(GeckoDriverService.java:167)
	at org.openqa.selenium.remote.service.DriverService$Builder.build(DriverService.java:355)
	at org.openqa.selenium.firefox.FirefoxDriver.toExecutor(FirefoxDriver.java:190)
	at org.openqa.selenium.firefox.FirefoxDriver.<init>(FirefoxDriver.java:147)
	at org.openqa.selenium.firefox.FirefoxDriver.<init>(FirefoxDriver.java:125)
	at TestCases.DriverInitalization.initalizeDriver(DriverInitalization.java:38)
	at TestCases.EditTreeTestCases.initalizeDriver(EditTreeTestCases.java:44)
	at TestExecutionSuite.UpdateTreeTestCases.driverInitalization(UpdateTreeTestCases.java:34)
... Removed 28 stack frames]]>
    </failure>
  </testcase> <!-- driverInitalization -->
  <testcase classname="TestExecutionSuite.UpdateTreeTestCases" name="openUrlForAidashLoginPage" time="0.0">
    <skipped/>
  </testcase> <!-- openUrlForAidashLoginPage -->
  <testcase classname="TestExecutionSuite.UpdateTreeTestCases" name="LoginToAidash" time="0.0">
    <skipped/>
  </testcase> <!-- LoginToAidash -->
  <testcase classname="TestExecutionSuite.UpdateTreeTestCases" name="Navigation" time="0.001">
    <skipped/>
  </testcase> <!-- Navigation -->
  <testcase classname="TestExecutionSuite.UpdateTreeTestCases" name="ListTreeCardsPage" time="0.0">
    <skipped/>
  </testcase> <!-- ListTreeCardsPage -->
  <testcase classname="TestExecutionSuite.UpdateTreeTestCases" name="EditTreeCardsPage" time="0.0">
    <skipped/>
  </testcase> <!-- EditTreeCardsPage -->
  <testcase classname="TestExecutionSuite.UpdateTreeTestCases" name="UpdateTreeCardsPage" time="0.0">
    <skipped/>
  </testcase> <!-- UpdateTreeCardsPage -->
  <testcase classname="TestExecutionSuite.UpdateTreeTestCases" name="CreateTreeScreen3" time="0.0">
    <skipped/>
  </testcase> <!-- CreateTreeScreen3 -->
</testsuite> <!-- Update Tree -->
